<?xml version="1.0" encoding="UTF-8"?>
<!-- Generated by org.testng.reporters.JUnitReportReporter -->
<testsuite skipped="0" hostname="babiychuk-t" name="com.socprime.TestTask.BookingTest" tests="1" failures="0" timestamp="04 жовт. 2018 16:54:42 GMT" time="14.060" errors="0">
  <testcase name="searchHotelsInNewYork" time="14.060" classname="com.socprime.TestTask.BookingTest"/>
</testsuite> <!-- com.socprime.TestTask.BookingTest -->
